2026-07-16 20:57:36 +0000: Memory Usage (423752K) : Starting running GF180MCU Klayout DRC runset on /home/flow/Vibe/tapeout/gf180characterization/.signoff/precheck-run/runs/KLAYOUT_FIX_2026-07-16/04-klayout-generateid/chip_top.gds
2026-07-16 20:57:36 +0000: Memory Usage (423752K) : Ruby Version for klayout: 3.3.10
2026-07-16 20:57:36 +0000: Memory Usage (480932K) : Loading database to memory is complete.
2026-07-16 20:57:36 +0000: Memory Usage (480932K) : GF180MCU Klayout antenna DRC runset output at: /home/flow/Vibe/tapeout/gf180characterization/.signoff/precheck-run/runs/KLAYOUT_FIX_2026-07-16/10-klayout-antenna/reports/antenna.klayout.lyrdb
2026-07-16 20:57:36 +0000: Memory Usage (480932K) : Evaluate switches.
2026-07-16 20:57:36 +0000: Memory Usage (480932K) : Number of threads to use 
2026-07-16 20:57:36 +0000: Memory Usage (480932K) : Verbose mode: false
2026-07-16 20:57:36 +0000: Memory Usage (480932K) : deep mode is enabled.
2026-07-16 20:57:36 +0000: Memory Usage (480932K) : METAL_TOP Selected is 11K
2026-07-16 20:57:36 +0000: Memory Usage (480932K) : METAL_STACK Selected is 5LM
2026-07-16 20:57:36 +0000: Memory Usage (480932K) : MIM Option selected: B
2026-07-16 20:57:36 +0000: Memory Usage (480932K) : Read in polygons from layers.
2026-07-16 20:57:36 +0000: Memory Usage (483724K) : nwell has 3729 polygons
2026-07-16 20:57:36 +0000: Memory Usage (485432K) : comp has 30307 polygons
2026-07-16 20:57:36 +0000: Memory Usage (485432K) : dualgate has 5209 polygons
2026-07-16 20:57:36 +0000: Memory Usage (485560K) : poly2 has 9299 polygons
2026-07-16 20:57:36 +0000: Memory Usage (485688K) : nplus has 9511 polygons
2026-07-16 20:57:36 +0000: Memory Usage (485944K) : pplus has 18771 polygons
2026-07-16 20:57:36 +0000: Memory Usage (491320K) : contact has 4747976 polygons
2026-07-16 20:57:36 +0000: Memory Usage (491320K) : metal1 has 116504 polygons
2026-07-16 20:57:36 +0000: Memory Usage (491320K) : metal1_label has 0 polygons
2026-07-16 20:57:36 +0000: Memory Usage (491448K) : metal1_slot has 0 polygons
2026-07-16 20:57:36 +0000: Memory Usage (491448K) : metal1_blk has 0 polygons
2026-07-16 20:57:36 +0000: Memory Usage (493624K) : via1 has 1241032 polygons
2026-07-16 20:57:36 +0000: Memory Usage (493624K) : metal2 has 102541 polygons
2026-07-16 20:57:36 +0000: Memory Usage (493624K) : metal2_label has 494 polygons
2026-07-16 20:57:36 +0000: Memory Usage (493624K) : metal2_slot has 0 polygons
2026-07-16 20:57:36 +0000: Memory Usage (493624K) : metal2_blk has 0 polygons
2026-07-16 20:57:37 +0000: Memory Usage (502328K) : via2 has 4201255 polygons
2026-07-16 20:57:37 +0000: Memory Usage (502328K) : metal3 has 197449 polygons
2026-07-16 20:57:37 +0000: Memory Usage (502328K) : metal3_label has 0 polygons
2026-07-16 20:57:37 +0000: Memory Usage (502328K) : metal3_slot has 0 polygons
2026-07-16 20:57:37 +0000: Memory Usage (502328K) : metal3_blk has 0 polygons
2026-07-16 20:57:37 +0000: Memory Usage (511672K) : via3 has 8959997 polygons
2026-07-16 20:57:37 +0000: Memory Usage (511672K) : metal4 has 252793 polygons
2026-07-16 20:57:37 +0000: Memory Usage (511672K) : metal4_label has 0 polygons
2026-07-16 20:57:37 +0000: Memory Usage (511672K) : metal4_slot has 0 polygons
2026-07-16 20:57:37 +0000: Memory Usage (511672K) : metal4_blk has 0 polygons
2026-07-16 20:57:37 +0000: Memory Usage (522808K) : via4 has 7389116 polygons
2026-07-16 20:57:37 +0000: Memory Usage (522808K) : metal5 has 158959 polygons
2026-07-16 20:57:37 +0000: Memory Usage (522808K) : metal5_label has 0 polygons
2026-07-16 20:57:37 +0000: Memory Usage (522808K) : metal5_slot has 0 polygons
2026-07-16 20:57:37 +0000: Memory Usage (522808K) : metal5_blk has 0 polygons
2026-07-16 20:57:37 +0000: Memory Usage (522808K) : res_mk has 238 polygons
2026-07-16 20:57:37 +0000: Memory Usage (522808K) : fusetop has 8 polygons
2026-07-16 20:57:37 +0000: Memory Usage (522808K) : Starting GF180MCU ANTENNA layer derivations.
2026-07-16 20:57:37 +0000: Memory Usage (541784K) : Starting GF180MCU ANTENNA DRC rules.
2026-07-16 20:57:37 +0000: Memory Usage (541784K) : Construct connectivity for POLY
2026-07-16 20:57:37 +0000: Memory Usage (541784K) : Executing rule ANT.1
2026-07-16 20:57:37 +0000: Memory Usage (544264K) : Construct connectivity for CONTACT
2026-07-16 20:57:37 +0000: Memory Usage (544264K) : Executing rule ANT.8
2026-07-16 20:57:40 +0000: Memory Usage (657320K) : Construct connectivity for METAL1
2026-07-16 20:57:40 +0000: Memory Usage (639908K) : Executing rule ANT.16_i_ANT.2
2026-07-16 20:57:41 +0000: Memory Usage (641700K) : Executing rule ANT.16_ii_ANT.2
2026-07-16 20:57:41 +0000: Memory Usage (641700K) : Construct connectivity for VIA1
2026-07-16 20:57:41 +0000: Memory Usage (641700K) : Executing rule ANT.16_i_ANT.9
2026-07-16 20:57:42 +0000: Memory Usage (642340K) : Executing rule ANT.16_ii_ANT.9
2026-07-16 20:57:42 +0000: Memory Usage (642340K) : Construct connectivity for METAL2
2026-07-16 20:57:42 +0000: Memory Usage (642340K) : Executing rule ANT.16_i_ANT.3
2026-07-16 20:57:43 +0000: Memory Usage (642468K) : Executing rule ANT.16_ii_ANT.3
2026-07-16 20:57:43 +0000: Memory Usage (642468K) : Construct connectivity for VIA2
2026-07-16 20:57:43 +0000: Memory Usage (642468K) : Executing rule ANT.16_i_ANT.10
2026-07-16 20:57:46 +0000: Memory Usage (642468K) : Executing rule ANT.16_ii_ANT.10
2026-07-16 20:57:46 +0000: Memory Usage (642468K) : Construct connectivity for METAL3
2026-07-16 20:57:46 +0000: Memory Usage (642468K) : Executing rule ANT.16_i_ANT.4
2026-07-16 20:57:50 +0000: Memory Usage (732452K) : Executing rule ANT.16_ii_ANT.4
2026-07-16 20:57:51 +0000: Memory Usage (734500K) : Construct connectivity for VIA3
2026-07-16 20:57:51 +0000: Memory Usage (734500K) : Executing rule ANT.16_i_ANT.11
2026-07-16 20:57:57 +0000: Memory Usage (752036K) : Executing rule ANT.16_ii_ANT.11
2026-07-16 20:58:03 +0000: Memory Usage (752028K) : Construct connectivity for METAL4
2026-07-16 20:58:03 +0000: Memory Usage (752028K) : Executing rule ANT.16_i_ANT.5
2026-07-16 20:58:10 +0000: Memory Usage (754972K) : Executing rule ANT.16_ii_ANT.5
2026-07-16 20:58:11 +0000: Memory Usage (759964K) : Construct connectivity for VIA4
2026-07-16 20:58:11 +0000: Memory Usage (759964K) : Executing rule ANT.16_i_ANT.12
2026-07-16 20:58:21 +0000: Memory Usage (773660K) : Executing rule ANT.16_ii_ANT.12
2026-07-16 20:58:26 +0000: Memory Usage (773884K) : Construct connectivity for METAL5
2026-07-16 20:58:27 +0000: Memory Usage (773884K) : Executing rule ANT.16_i_ANT.7
2026-07-16 20:58:38 +0000: Memory Usage (774012K) : Executing rule ANT.16_ii_ANT.7
2026-07-16 20:58:39 +0000: Memory Usage (774012K) : Executing rule ANT.16_iii_ANT.14_MT_MIMB
2026-07-16 20:58:50 +0000: Memory Usage (774908K) : Antenna DRC total Run time: 74.213728829 seconds
