Starting…
Running 'KLayout.ReadLayout' at '.signoff/precheck-run/runs/RUN_2026-07-15_17-53-26/01-klayout-readlayout'…
Logging subprocess to [repr.filename]'.signoff/precheck-run/runs/RUN_2026-07-15_17-53-26/01-klayout-readlayout/klayout-readlayout.log'[/repr.filename]…
Running 'KLayout.CheckTopLevel' at '.signoff/precheck-run/runs/RUN_2026-07-15_17-53-26/02-klayout-checktoplevel'…
Logging subprocess to [repr.filename]'.signoff/precheck-run/runs/RUN_2026-07-15_17-53-26/02-klayout-checktoplevel/klayout-checktoplevel.log'[/repr.filename]…
Running 'KLayout.CheckSize' at '.signoff/precheck-run/runs/RUN_2026-07-15_17-53-26/03-klayout-checksize'…
Logging subprocess to [repr.filename]'.signoff/precheck-run/runs/RUN_2026-07-15_17-53-26/03-klayout-checksize/klayout-checksize.log'[/repr.filename]…
Running 'KLayout.GenerateID' at '.signoff/precheck-run/runs/RUN_2026-07-15_17-53-26/04-klayout-generateid'…
Logging subprocess to [repr.filename]'.signoff/precheck-run/runs/RUN_2026-07-15_17-53-26/04-klayout-generateid/klayout-generateid.log'[/repr.filename]…
Running 'KLayout.Render' at '.signoff/precheck-run/runs/RUN_2026-07-15_17-53-26/05-klayout-render'…
Logging subprocess to [repr.filename]'.signoff/precheck-run/runs/RUN_2026-07-15_17-53-26/05-klayout-render/klayout-render.log'[/repr.filename]…
Running 'KLayout.Density' at '.signoff/precheck-run/runs/RUN_2026-07-15_17-53-26/06-klayout-density'…
Running KLayout density check with 16 threads…
Logging subprocess to [repr.filename]'.signoff/precheck-run/runs/RUN_2026-07-15_17-53-26/06-klayout-density/klayout-density.log'[/repr.filename]…
Logging subprocess to [repr.filename]'.signoff/precheck-run/runs/RUN_2026-07-15_17-53-26/06-klayout-density/xml_drc_report_to_json.log'[/repr.filename]…
Running 'Checker.KLayoutDensity' at '.signoff/precheck-run/runs/RUN_2026-07-15_17-53-26/07-checker-klayoutdensity'…
2 KLayout density errors found. - deferred
Running 'KLayout.ZeroAreaPolygons' at '.signoff/precheck-run/runs/RUN_2026-07-15_17-53-26/08-klayout-zeroareapolygons'…
Running KLayout zero area polygons check…
Logging subprocess to [repr.filename]'.signoff/precheck-run/runs/RUN_2026-07-15_17-53-26/08-klayout-zeroareapolygons/klayout-zeroareapolygons.log'[/repr.filename]…
Logging subprocess to [repr.filename]'.signoff/precheck-run/runs/RUN_2026-07-15_17-53-26/08-klayout-zeroareapolygons/xml_drc_report_to_json.log'[/repr.filename]…
Running 'Checker.KLayoutZeroAreaPolygons' at '.signoff/precheck-run/runs/RUN_2026-07-15_17-53-26/09-checker-klayoutzeroareapolygons'…
Check for KLayout zero area polygons count clear.
Running 'KLayout.Antenna' at '.signoff/precheck-run/runs/RUN_2026-07-15_17-53-26/10-klayout-antenna'…
Running KLayout antenna check…
Logging subprocess to [repr.filename]'.signoff/precheck-run/runs/RUN_2026-07-15_17-53-26/10-klayout-antenna/klayout-antenna.log'[/repr.filename]…
Logging subprocess to [repr.filename]'.signoff/precheck-run/runs/RUN_2026-07-15_17-53-26/10-klayout-antenna/xml_drc_report_to_json.log'[/repr.filename]…
Running 'Checker.KLayoutAntenna' at '.signoff/precheck-run/runs/RUN_2026-07-15_17-53-26/11-checker-klayoutantenna'…
Check for KLayout antenna errors clear.
Running 'Magic.DRC' at '.signoff/precheck-run/runs/RUN_2026-07-15_17-53-26/12-magic-drc'…
Logging subprocess to [repr.filename]'.signoff/precheck-run/runs/RUN_2026-07-15_17-53-26/12-magic-drc/magic-drc.log'[/repr.filename]…
Running 'Checker.MagicDRC' at '.signoff/precheck-run/runs/RUN_2026-07-15_17-53-26/13-checker-magicdrc'…
271 Magic DRC errors found.
Running 'KLayout.DRC' at '.signoff/precheck-run/runs/RUN_2026-07-15_17-53-26/14-klayout-drc'…
Running KLayout DRC with 1 threads…
Logging subprocess to [repr.filename]'.signoff/precheck-run/runs/RUN_2026-07-15_17-53-26/14-klayout-drc/klayout-drc.log'[/repr.filename]…
Logging subprocess to [repr.filename]'.signoff/precheck-run/runs/RUN_2026-07-15_17-53-26/14-klayout-drc/xml_drc_report_to_json.log'[/repr.filename]…
Running 'Checker.KLayoutDRC' at '.signoff/precheck-run/runs/RUN_2026-07-15_17-53-26/15-checker-klayoutdrc'…
Check for KLayout DRC errors clear.
Running 'KLayout.WriteLayout' at '.signoff/precheck-run/runs/RUN_2026-07-15_17-53-26/16-klayout-writelayout'…
Logging subprocess to [repr.filename]'.signoff/precheck-run/runs/RUN_2026-07-15_17-53-26/16-klayout-writelayout/klayout-writelayout.log'[/repr.filename]…
Saving views to '/home/flow/Vibe/tapeout/gf180characterization/.signoff/precheck-run/runs/RUN_2026-07-15_17-53-26/final'…
