Width: 21, Height: 21
> ██████████████    ██████    ██████████████
> ██          ██    ██        ██          ██
> ██  ██████  ██  ██  ████    ██  ██████  ██
> ██  ██████  ██  ██████  ██  ██  ██████  ██
> ██  ██████  ██    ██  ██    ██  ██████  ██
> ██          ██              ██          ██
> ██████████████  ██  ██  ██  ██████████████
>                   ██████                  
>       ████  ████    ██            ████    
>   ██      ██  ████  ██  ██████  ██████    
> ██████████████████    ██        ██  ██  ██
>   ██████  ██  ████  ██    ████      ██████
>   ██████  ████    ██  ██          ██  ██  
>                 ██  ████    ██    ██████  
> ██████████████  ██████████    ████  ████  
> ██          ██        ██  ████  ██      ██
> ██  ██████  ██  ██  ██  ██    ██  ██  ████
> ██  ██████  ██  ████        ██████        
> ██  ██████  ██    ██      ██████  ████████
> ██          ██        ██  ██████      ██  
> ██████████████        ██    ██  ████████  
Inserted ID: FFFFFFFF
