chip_top
----------------------------------------
Via3 width < 56 (V3.1 + 2 * V3.4)
----------------------------------------
 363.280um 340.880um 363.295um 340.930um
 363.280um 340.930um 363.295um 341.000um
 363.280um 341.000um 363.295um 341.070um
 363.280um 341.070um 363.295um 341.085um
 363.280um 341.135um 363.295um 341.415um
 363.280um 341.085um 363.295um 341.135um
 363.940um 341.135um 363.955um 341.415um
 363.940um 340.880um 363.955um 341.135um
 364.600um 341.135um 364.615um 341.415um
 364.600um 340.880um 364.615um 341.135um
 365.260um 341.135um 365.275um 341.415um
 365.260um 340.880um 365.275um 341.135um
 365.920um 341.135um 365.935um 341.415um
 365.920um 340.880um 365.935um 341.135um
 366.580um 341.135um 366.595um 341.415um
 366.580um 340.880um 366.595um 341.135um
 367.240um 341.135um 367.255um 341.415um
 367.240um 340.880um 367.255um 341.135um
 367.900um 341.135um 367.915um 341.415um
 367.900um 340.880um 367.915um 341.135um
 368.560um 341.135um 368.575um 341.415um
 368.560um 340.880um 368.575um 341.135um
 369.220um 341.135um 369.235um 341.415um
 369.220um 340.880um 369.235um 341.135um
 369.880um 341.135um 369.895um 341.415um
 369.880um 340.880um 369.895um 341.135um
 370.540um 341.135um 370.555um 341.415um
 370.540um 340.880um 370.555um 341.135um
 371.200um 341.085um 371.215um 341.415um
 371.200um 341.000um 371.215um 341.085um
 371.200um 340.940um 371.215um 341.000um
 371.200um 340.880um 371.215um 340.940um
 341.100um 2168.485um 341.635um 2168.500um
 341.100um 2167.825um 341.635um 2167.840um
 341.100um 2167.165um 341.635um 2167.180um
 341.100um 2166.505um 341.635um 2166.520um
 341.100um 2165.845um 341.635um 2165.860um
 341.100um 2165.185um 341.635um 2165.200um
 341.100um 2164.525um 341.635um 2164.540um
 341.100um 2163.865um 341.635um 2163.880um
 341.100um 2163.205um 341.635um 2163.220um
 341.100um 2162.545um 341.635um 2162.560um
 341.100um 2161.885um 341.635um 2161.900um
 341.100um 2161.225um 341.635um 2161.240um
 341.100um 2160.565um 341.635um 2160.580um
 3590.085um 370.700um 3590.620um 370.715um
 3590.085um 370.040um 3590.620um 370.055um
 3590.085um 369.380um 3590.620um 369.395um
 3590.085um 368.720um 3590.620um 368.735um
 3590.085um 368.060um 3590.620um 368.075um
 3590.085um 367.400um 3590.620um 367.415um
 3590.085um 366.740um 3590.620um 366.755um
 3590.085um 366.080um 3590.620um 366.095um
 3590.085um 365.420um 3590.620um 365.435um
 3590.085um 364.760um 3590.620um 364.775um
 3590.085um 364.100um 3590.620um 364.115um
 3590.085um 363.440um 3590.620um 363.455um
 3590.085um 362.780um 3590.620um 362.795um
 3561.065um 2189.865um 3561.080um 2189.915um
 3561.065um 2189.915um 3561.080um 2190.000um
 3561.065um 2190.000um 3561.080um 2190.060um
 3561.065um 2190.120um 3561.080um 2190.400um
 3561.065um 2190.060um 3561.080um 2190.120um
 3561.725um 2190.120um 3561.740um 2190.400um
 3561.725um 2189.865um 3561.740um 2190.120um
 3562.385um 2190.120um 3562.400um 2190.400um
 3562.385um 2189.865um 3562.400um 2190.120um
 3563.045um 2190.120um 3563.060um 2190.400um
 3563.045um 2189.865um 3563.060um 2190.120um
 3563.705um 2190.120um 3563.720um 2190.400um
 3563.705um 2189.865um 3563.720um 2190.120um
 3564.365um 2190.120um 3564.380um 2190.400um
 3564.365um 2189.865um 3564.380um 2190.120um
 3565.025um 2190.120um 3565.040um 2190.400um
 3565.025um 2189.865um 3565.040um 2190.120um
 3565.685um 2190.120um 3565.700um 2190.400um
 3565.685um 2189.865um 3565.700um 2190.120um
 3566.345um 2190.120um 3566.360um 2190.400um
 3566.345um 2189.865um 3566.360um 2190.120um
 3567.005um 2190.120um 3567.020um 2190.400um
 3567.005um 2189.865um 3567.020um 2190.120um
 3567.665um 2190.120um 3567.680um 2190.400um
 3567.665um 2189.865um 3567.680um 2190.120um
 3568.325um 2190.120um 3568.340um 2190.400um
 3568.325um 2189.865um 3568.340um 2190.120um
 3568.985um 2190.070um 3569.000um 2190.400um
 3568.985um 2190.000um 3569.000um 2190.070um
 3568.985um 2189.930um 3569.000um 2190.000um
 3568.985um 2189.915um 3569.000um 2189.930um
 3568.985um 2189.865um 3569.000um 2189.915um
----------------------------------------
Metal1 > 10um spacing to unrelated m1 < 60 (M1.2b)
----------------------------------------
 177.210um 213.485um 177.510um 213.505um
 177.210um 212.865um 177.510um 212.885um
 238.820um 151.255um 239.120um 151.275um
 3754.490um 2318.115um 3754.790um 2318.135um
 3754.490um 2317.495um 3754.790um 2317.515um
 3692.880um 2379.725um 3693.180um 2379.745um
----------------------------------------
Via4 width < 56 (V4.1 + 2 * V4.4)
----------------------------------------
 310.850um 361.670um 310.890um 361.950um
 311.510um 361.670um 311.550um 361.950um
 312.170um 361.670um 312.210um 361.950um
 312.830um 361.670um 312.870um 361.950um
 313.490um 361.670um 313.530um 361.950um
 314.150um 361.670um 314.190um 361.950um
 314.810um 361.670um 314.850um 361.950um
 315.470um 361.670um 315.510um 361.950um
 316.130um 361.670um 316.170um 361.950um
 316.790um 361.670um 316.830um 361.950um
 311.130um 361.415um 311.170um 361.670um
 311.790um 361.415um 311.830um 361.670um
 312.450um 361.415um 312.490um 361.670um
 313.110um 361.415um 313.150um 361.670um
 313.770um 361.415um 313.810um 361.670um
 314.430um 361.415um 314.470um 361.670um
 315.090um 361.415um 315.130um 361.670um
 315.750um 361.415um 315.790um 361.670um
 316.410um 361.415um 316.450um 361.670um
 317.070um 361.515um 317.110um 361.670um
 317.070um 361.415um 317.110um 361.515um
 363.280um 340.880um 363.295um 340.930um
 363.280um 340.930um 363.295um 341.000um
 363.280um 341.000um 363.295um 341.085um
 363.280um 341.135um 363.295um 341.415um
 363.280um 341.085um 363.295um 341.135um
 363.940um 341.135um 363.955um 341.415um
 363.940um 340.880um 363.955um 341.135um
 364.600um 341.135um 364.615um 341.415um
 364.600um 340.880um 364.615um 341.135um
 365.260um 341.135um 365.275um 341.415um
 365.260um 340.880um 365.275um 341.135um
 365.920um 341.135um 365.935um 341.415um
 365.920um 340.880um 365.935um 341.135um
 366.580um 341.135um 366.595um 341.415um
 366.580um 340.880um 366.595um 341.135um
 367.240um 341.135um 367.255um 341.415um
 367.240um 340.880um 367.255um 341.135um
 367.900um 341.135um 367.915um 341.415um
 367.900um 340.880um 367.915um 341.135um
 368.560um 341.135um 368.575um 341.415um
 368.560um 340.880um 368.575um 341.135um
 369.220um 341.135um 369.235um 341.415um
 369.220um 340.880um 369.235um 341.135um
 369.880um 341.135um 369.895um 341.415um
 369.880um 340.880um 369.895um 341.135um
 370.540um 341.135um 370.555um 341.415um
 370.540um 340.880um 370.555um 341.135um
 371.200um 341.000um 371.215um 341.415um
 371.200um 340.940um 371.215um 341.000um
 371.200um 340.880um 371.215um 340.940um
 361.915um 2220.610um 362.170um 2220.650um
 362.170um 2220.610um 362.450um 2220.650um
 361.915um 2219.950um 362.170um 2219.990um
 362.170um 2219.950um 362.450um 2219.990um
 361.915um 2219.290um 362.170um 2219.330um
 362.170um 2219.290um 362.450um 2219.330um
 361.915um 2218.630um 362.170um 2218.670um
 362.170um 2218.630um 362.450um 2218.670um
 361.915um 2217.970um 362.170um 2218.010um
 362.170um 2217.970um 362.450um 2218.010um
 361.915um 2217.310um 362.170um 2217.350um
 362.170um 2217.310um 362.450um 2217.350um
 361.915um 2216.650um 362.170um 2216.690um
 362.170um 2216.650um 362.450um 2216.690um
 361.915um 2216.005um 362.170um 2216.030um
 361.915um 2215.990um 362.170um 2216.005um
 362.170um 2216.005um 362.450um 2216.030um
 362.170um 2215.990um 362.450um 2216.005um
 361.915um 2215.330um 362.170um 2215.370um
 362.170um 2215.330um 362.450um 2215.370um
 361.915um 2214.670um 362.170um 2214.710um
 362.170um 2214.670um 362.450um 2214.710um
 341.100um 2168.485um 341.635um 2168.500um
 341.100um 2167.825um 341.635um 2167.840um
 341.100um 2167.165um 341.635um 2167.180um
 341.100um 2166.505um 341.635um 2166.520um
 341.100um 2165.845um 341.635um 2165.860um
 341.100um 2165.185um 341.635um 2165.200um
 341.100um 2164.525um 341.635um 2164.540um
 341.100um 2163.865um 341.635um 2163.880um
 341.100um 2163.205um 341.635um 2163.220um
 341.100um 2162.545um 341.635um 2162.560um
 341.100um 2161.885um 341.635um 2161.900um
 341.100um 2161.225um 341.635um 2161.240um
 341.100um 2160.565um 341.635um 2160.580um
 3590.085um 370.700um 3590.620um 370.715um
 3590.085um 370.040um 3590.620um 370.055um
 3590.085um 369.380um 3590.620um 369.395um
 3590.085um 368.720um 3590.620um 368.735um
 3590.085um 368.060um 3590.620um 368.075um
 3590.085um 367.400um 3590.620um 367.415um
 3590.085um 366.740um 3590.620um 366.755um
 3590.085um 366.080um 3590.620um 366.095um
 3590.085um 365.420um 3590.620um 365.435um
 3590.085um 364.760um 3590.620um 364.775um
 3590.085um 364.100um 3590.620um 364.115um
 3590.085um 363.440um 3590.620um 363.455um
 3590.085um 362.780um 3590.620um 362.795um
 3569.830um 316.570um 3570.085um 316.610um
 3570.085um 316.570um 3570.365um 316.610um
 3569.830um 315.910um 3570.085um 315.950um
 3570.085um 315.910um 3570.365um 315.950um
 3569.830um 315.250um 3570.085um 315.290um
 3570.085um 315.250um 3570.365um 315.290um
 3569.830um 314.610um 3570.085um 314.630um
 3569.830um 314.590um 3570.085um 314.610um
 3570.085um 314.610um 3570.365um 314.630um
 3570.085um 314.590um 3570.365um 314.610um
 3569.830um 313.930um 3570.085um 313.970um
 3570.085um 313.930um 3570.365um 313.970um
 3569.830um 313.270um 3570.085um 313.310um
 3570.085um 313.270um 3570.365um 313.310um
 3569.830um 312.630um 3570.085um 312.650um
 3569.830um 312.610um 3570.085um 312.630um
 3570.085um 312.630um 3570.365um 312.650um
 3570.085um 312.610um 3570.365um 312.630um
 3569.830um 311.950um 3570.085um 311.990um
 3570.085um 311.950um 3570.365um 311.990um
 3569.830um 311.290um 3570.085um 311.330um
 3570.085um 311.290um 3570.365um 311.330um
 3569.830um 310.630um 3570.085um 310.670um
 3570.085um 310.630um 3570.365um 310.670um
 3561.065um 2189.865um 3561.080um 2190.000um
 3561.065um 2190.000um 3561.080um 2190.060um
 3561.065um 2190.120um 3561.080um 2190.400um
 3561.065um 2190.060um 3561.080um 2190.120um
 3561.725um 2190.120um 3561.740um 2190.400um
 3561.725um 2189.865um 3561.740um 2190.120um
 3562.385um 2190.120um 3562.400um 2190.400um
 3562.385um 2189.865um 3562.400um 2190.120um
 3563.045um 2190.120um 3563.060um 2190.400um
 3563.045um 2189.865um 3563.060um 2190.120um
 3563.705um 2190.120um 3563.720um 2190.400um
 3563.705um 2189.865um 3563.720um 2190.120um
 3564.365um 2190.120um 3564.380um 2190.400um
 3564.365um 2189.865um 3564.380um 2190.120um
 3565.025um 2190.120um 3565.040um 2190.400um
 3565.025um 2189.865um 3565.040um 2190.120um
 3565.685um 2190.120um 3565.700um 2190.400um
 3565.685um 2189.865um 3565.700um 2190.120um
 3566.345um 2190.120um 3566.360um 2190.400um
 3566.345um 2189.865um 3566.360um 2190.120um
 3567.005um 2190.120um 3567.020um 2190.400um
 3567.005um 2189.865um 3567.020um 2190.120um
 3567.665um 2190.120um 3567.680um 2190.400um
 3567.665um 2189.865um 3567.680um 2190.120um
 3568.325um 2190.120um 3568.340um 2190.400um
 3568.325um 2189.865um 3568.340um 2190.120um
 3568.985um 2190.120um 3569.000um 2190.400um
 3568.985um 2190.070um 3569.000um 2190.120um
 3568.985um 2190.000um 3569.000um 2190.070um
 3568.985um 2189.915um 3569.000um 2190.000um
 3568.985um 2189.865um 3569.000um 2189.915um
 3614.890um 2169.585um 3614.930um 2169.750um
 3615.550um 2169.585um 3615.590um 2169.865um
 3616.210um 2169.585um 3616.250um 2169.865um
 3616.870um 2169.585um 3616.910um 2169.865um
 3617.530um 2169.585um 3617.570um 2169.865um
 3618.190um 2169.585um 3618.230um 2169.865um
 3618.850um 2169.585um 3618.890um 2169.865um
 3619.510um 2169.585um 3619.550um 2169.865um
 3620.170um 2169.585um 3620.210um 2169.865um
 3620.830um 2169.585um 3620.870um 2169.865um
 3615.170um 2169.330um 3615.210um 2169.485um
 3615.170um 2169.485um 3615.210um 2169.585um
 3615.830um 2169.330um 3615.870um 2169.585um
 3616.490um 2169.330um 3616.530um 2169.585um
 3617.150um 2169.330um 3617.190um 2169.585um
 3617.810um 2169.330um 3617.850um 2169.585um
 3618.470um 2169.330um 3618.510um 2169.585um
 3619.130um 2169.330um 3619.170um 2169.585um
 3619.790um 2169.330um 3619.830um 2169.585um
 3620.450um 2169.330um 3620.490um 2169.585um
 3621.110um 2169.330um 3621.150um 2169.585um
----------------------------------------
[INFO] COUNT: 271
[INFO] Should be divided by 3 or 4

